line 22: ERROR -- expr->tag = 8 
line 22: ERROR -- encode_binop out = 18
line 22: ERROR -- expr->tag = 3 
line 22: ERROR -- expr->tag = 0 
line 23: ERROR -- op is 1
signed long int
line 23: ERROR -- expr->tag = 8 
line 23: ERROR -- encode_binop out = 18
line 23: ERROR -- expr->tag = 3 
line 23: ERROR -- expr->tag = 7 
line 23: ERROR -- encode_unop op = 1 
line 23: ERROR -- expr->tag = 3 
line 24: ERROR -- expr->tag = 8 
line 24: ERROR -- encode_binop out = 18
line 24: ERROR -- expr->tag = 3 
line 24: ERROR -- expr->tag = 0 
line 25: ERROR -- expr->tag = 8 
line 25: ERROR -- encode_binop out = 18
line 25: ERROR -- expr->tag = 3 
line 25: ERROR -- expr->tag = 1 
line 26: ERROR -- expr->tag = 8 
line 26: ERROR -- encode_binop out = 18
line 26: ERROR -- expr->tag = 3 
line 26: ERROR -- expr->tag = 1 
line 27: ERROR -- expr->tag = 8 
line 27: ERROR -- encode_binop out = 18
line 27: ERROR -- expr->tag = 3 
line 27: ERROR -- expr->tag = 1 
line 28: ERROR -- expr->tag = 8 
line 28: ERROR -- encode_binop out = 18
line 28: ERROR -- expr->tag = 3 
line 28: ERROR -- expr->tag = 1 
line 29: ERROR -- expr->tag = 8 
line 29: ERROR -- encode_binop out = 18
line 29: ERROR -- expr->tag = 3 
line 29: ERROR -- expr->tag = 0 
line 30: ERROR -- op is 5
signed long int
line 30: ERROR -- expr->tag = 8 
line 30: ERROR -- encode_binop out = 18
line 30: ERROR -- expr->tag = 3 
line 30: ERROR -- expr->tag = 7 
line 30: ERROR -- encode_unop op = 5 
line 30: ERROR -- expr->tag = 0 
line 32: ERROR -- expr->tag = 9 
line 34: ERROR -- op is 1
signed long int
line 34: ERROR -- op is 1
signed long int
line 34: ERROR -- expr->tag = 8 
line 34: ERROR -- encode_binop out = 18
line 34: ERROR -- expr->tag = 3 
line 34: ERROR -- expr->tag = 8 
line 34: ERROR -- encode_binop out = 0
line 34: ERROR -- expr->tag = 7 
line 34: ERROR -- encode_unop op = 1 
line 34: ERROR -- expr->tag = 3 
line 34: ERROR -- expr->tag = 7 
line 34: ERROR -- encode_unop op = 1 
line 34: ERROR -- expr->tag = 3 
line 35: ERROR -- op is 1
signed long int
line 35: ERROR -- op is 1
signed long int
line 35: ERROR -- op is 1
signed long int
line 35: ERROR -- op is 1
signed long int
line 35: ERROR -- op is 1
signed long int
line 35: ERROR -- expr->tag = 8 
line 35: ERROR -- encode_binop out = 18
line 35: ERROR -- expr->tag = 3 
line 35: ERROR -- expr->tag = 8 
line 35: ERROR -- encode_binop out = 1
line 35: ERROR -- expr->tag = 7 
line 35: ERROR -- encode_unop op = 1 
line 35: ERROR -- expr->tag = 3 
line 35: ERROR -- expr->tag = 8 
line 35: ERROR -- encode_binop out = 3
line 35: ERROR -- expr->tag = 8 
line 35: ERROR -- encode_binop out = 2
line 35: ERROR -- expr->tag = 7 
line 35: ERROR -- encode_unop op = 1 
line 35: ERROR -- expr->tag = 3 
line 35: ERROR -- expr->tag = 7 
line 35: ERROR -- encode_unop op = 1 
line 35: ERROR -- expr->tag = 3 
line 35: ERROR -- expr->tag = 8 
line 35: ERROR -- encode_binop out = 0
line 35: ERROR -- expr->tag = 7 
line 35: ERROR -- encode_unop op = 1 
line 35: ERROR -- expr->tag = 3 
line 35: ERROR -- expr->tag = 7 
line 35: ERROR -- encode_unop op = 1 
line 35: ERROR -- expr->tag = 3 
line 36: ERROR -- op is 1
signed long int
line 36: ERROR -- expr->tag = 8 
line 36: ERROR -- encode_binop out = 18
line 36: ERROR -- expr->tag = 3 
line 36: ERROR -- expr->tag = 8 
line 36: ERROR -- encode_binop out = 4
line 36: ERROR -- expr->tag = 7 
line 36: ERROR -- encode_unop op = 1 
line 36: ERROR -- expr->tag = 3 
line 36: ERROR -- expr->tag = 0 
line 37: ERROR -- op is 1
signed long int
line 37: ERROR -- op is 1
signed long int
line 37: ERROR -- expr->tag = 8 
line 37: ERROR -- encode_binop out = 18
line 37: ERROR -- expr->tag = 3 
line 37: ERROR -- expr->tag = 8 
line 37: ERROR -- encode_binop out = 11
line 37: ERROR -- expr->tag = 7 
line 37: ERROR -- encode_unop op = 1 
line 37: ERROR -- expr->tag = 3 
line 37: ERROR -- expr->tag = 7 
line 37: ERROR -- encode_unop op = 1 
line 37: ERROR -- expr->tag = 3 
line 38: ERROR -- op is 6
unsigned char
line 38: ERROR -- op is 1
unsigned char
line 38: ERROR -- expr->tag = 8 
line 38: ERROR -- encode_binop out = 18
line 38: ERROR -- expr->tag = 3 
line 38: ERROR -- expr->tag = 7 
line 38: ERROR -- encode_unop op = 6 
line 38: ERROR -- expr->tag = 7 
line 38: ERROR -- encode_unop op = 1 
line 38: ERROR -- expr->tag = 3 
line 40: ERROR -- expr->tag = 9 
line 42: ERROR -- op is 1
signed long int
line 42: ERROR -- expr->tag = 8 
line 42: ERROR -- encode_binop out = 18
line 42: ERROR -- expr->tag = 3 
line 42: ERROR -- expr->tag = 7 
line 42: ERROR -- encode_unop op = 1 
line 42: ERROR -- expr->tag = 3 
line 43: ERROR -- op is 1
float
line 43: ERROR -- expr->tag = 8 
line 43: ERROR -- encode_binop out = 18
line 43: ERROR -- expr->tag = 3 
line 43: ERROR -- expr->tag = 7 
line 43: ERROR -- encode_unop op = 1 
line 43: ERROR -- expr->tag = 3 
line 44: ERROR -- op is 1
signed long int
line 44: ERROR -- op is 0
signed long int
line 44: ERROR -- op is 1
signed long int
line 44: ERROR -- expr->tag = 8 
line 44: ERROR -- encode_binop out = 18
line 44: ERROR -- expr->tag = 3 
line 44: ERROR -- expr->tag = 7 
line 44: ERROR -- encode_unop op = 0 
line 44: ERROR -- expr->tag = 7 
line 44: ERROR -- encode_unop op = 1 
line 44: ERROR -- expr->tag = 3 
line 45: ERROR -- op is 5
signed long int
line 45: ERROR -- op is 1
signed long int
line 45: ERROR -- op is 7
unsigned char
line 45: ERROR -- expr->tag = 8 
line 45: ERROR -- encode_binop out = 18
line 45: ERROR -- expr->tag = 3 
line 45: ERROR -- expr->tag = 7 
line 45: ERROR -- encode_unop op = 7 
line 45: ERROR -- expr->tag = 7 
line 45: ERROR -- encode_unop op = 5 
line 45: ERROR -- expr->tag = 7 
line 45: ERROR -- encode_unop op = 1 
line 45: ERROR -- expr->tag = 3 
line 46: ERROR -- op is 4
unsigned char
line 46: ERROR -- op is 1
unsigned char
line 46: ERROR -- op is 1
signed long int
line 46: ERROR -- op is 2
double
line 46: ERROR -- op is 1
double
line 46: ERROR -- op is 0
signed long int
line 46: ERROR -- op is 1
float
line 46: ERROR -- op is 0
float
line 46: ERROR -- op is 1
float
line 46: ERROR -- expr->tag = 8 
line 46: ERROR -- encode_binop out = 18
line 46: ERROR -- expr->tag = 3 
line 46: ERROR -- expr->tag = 8 
line 46: ERROR -- encode_binop out = 1
line 46: ERROR -- expr->tag = 8 
line 46: ERROR -- encode_binop out = 0
line 46: ERROR -- expr->tag = 7 
line 46: ERROR -- encode_unop op = 0 
line 46: ERROR -- expr->tag = 8 
line 46: ERROR -- encode_binop out = 2
line 46: ERROR -- expr->tag = 7 
line 46: ERROR -- encode_unop op = 4 
line 46: ERROR -- expr->tag = 7 
line 46: ERROR -- encode_unop op = 1 
line 46: ERROR -- expr->tag = 3 
line 46: ERROR -- expr->tag = 7 
line 46: ERROR -- encode_unop op = 1 
line 46: ERROR -- expr->tag = 3 
line 46: ERROR -- expr->tag = 7 
line 46: ERROR -- encode_unop op = 2 
line 46: ERROR -- expr->tag = 7 
line 46: ERROR -- encode_unop op = 1 
line 46: ERROR -- expr->tag = 3 
line 46: ERROR -- expr->tag = 7 
line 46: ERROR -- encode_unop op = 0 
line 46: ERROR -- expr->tag = 7 
line 46: ERROR -- encode_unop op = 1 
line 46: ERROR -- expr->tag = 3 
line 47: ERROR -- op is 5
signed long int
line 47: ERROR -- op is 1
unsigned char
line 47: ERROR -- In less than, right = 10, left = 10
line 47: ERROR -- op is 0
unsigned char
line 47: ERROR -- converted right
line 47: ERROR -- op is 0
unsigned char
line 47: ERROR -- op is 1
unsigned char
line 47: ERROR -- converted left
line 47: ERROR -- expr->tag = 8 
line 47: ERROR -- encode_binop out = 18
line 47: ERROR -- expr->tag = 3 
line 47: ERROR -- expr->tag = 8 
line 47: ERROR -- encode_binop out = 7
line 47: ERROR -- expr->tag = 7 
line 47: ERROR -- encode_unop op = 0 
line 47: ERROR -- expr->tag = 7 
line 47: ERROR -- encode_unop op = 1 
line 47: ERROR -- expr->tag = 3 
line 47: ERROR -- expr->tag = 7 
line 47: ERROR -- encode_unop op = 0 
line 47: ERROR -- expr->tag = 7 
line 47: ERROR -- encode_unop op = 5 
line 47: ERROR -- expr->tag = 0 
line 48: ERROR -- op is 1
signed long int
line 48: ERROR -- op is 1
signed char
line 48: ERROR -- op is 0
signed char
line 48: ERROR -- op is 1
signed char
line 48: ERROR -- expr->tag = 8 
line 48: ERROR -- encode_binop out = 18
line 48: ERROR -- expr->tag = 3 
line 48: ERROR -- expr->tag = 8 
line 48: ERROR -- encode_binop out = 8
line 48: ERROR -- expr->tag = 7 
line 48: ERROR -- encode_unop op = 0 
line 48: ERROR -- expr->tag = 7 
line 48: ERROR -- encode_unop op = 1 
line 48: ERROR -- expr->tag = 3 
line 48: ERROR -- expr->tag = 8 
line 48: ERROR -- encode_binop out = 6
line 48: ERROR -- expr->tag = 7 
line 48: ERROR -- encode_unop op = 1 
line 48: ERROR -- expr->tag = 3 
line 48: ERROR -- expr->tag = 0 
line 50: ERROR -- expr->tag = 9 
line 52: ERROR -- expr->tag = 8 
line 52: ERROR -- encode_binop out = 18
line 52: ERROR -- expr->tag = 3 
line 52: ERROR -- expr->tag = 8 
line 52: ERROR -- encode_binop out = 0
line 52: ERROR -- expr->tag = 9 
line 52: ERROR -- expr->tag = 0 
line 53: ERROR -- expr->tag = 8 
line 53: ERROR -- encode_binop out = 18
line 53: ERROR -- expr->tag = 3 
line 53: ERROR -- expr->tag = 8 
line 53: ERROR -- encode_binop out = 0
line 53: ERROR -- expr->tag = 9 
line 53: ERROR -- expr->tag = 1 
line 57: ERROR -- expr->tag = 9 
